Arguments: 
  C:\Program Files\nodejs\node.exe C:\Users\Asus\AppData\Roaming\npm\node_modules\yarn\bin\yarn.js init

PATH: 
  C:\Users\Asus\bin;C:\Program Files (x86)\Git\mingw32\bin;C:\Program Files (x86)\Git\usr\local\bin;C:\Program Files (x86)\Git\usr\bin;C:\Program Files (x86)\Git\usr\bin;C:\Program Files (x86)\Git\mingw32\bin;C:\Program Files (x86)\Git\usr\bin;C:\Users\Asus\bin;C:\ProgramData\Oracle\Java\javapath;C:\WINDOWS\system32;C:\WINDOWS;C:\WINDOWS\System32\Wbem;C:\WINDOWS\System32\WindowsPowerShell\v1.0;C:\Program Files (x86)\ATI Technologies\ATI.ACE\Core-Static;C:\FPC\3.0.2\bin\i386-Win32;C:\MinGW\bin;C:\Go\bin;C:\Program Files\Common Files\Autodesk Shared;C:\Program Files (x86)\Autodesk\Backburner;C:\Python27;C:\Python27\Script;C:\Program Files\Java\jdk-9\bin;C:\Program Files\OpenVPN\bin;C:\ProgramData\ComposerSetup\bin;C:\xampp\php;C:\Program Files (x86)\Git\cmd;C:\Program Files\nodejs;C:\Users\Asus\AppData\Local\Programs\Python\Python36-32\python.exe;C:\Users\Asus\AppData\Local\Programs\Python\Python36-32\Scripts;C:\Users\Asus\AppData\Local\Programs\Python\Python36-32;C:\Users\Asus\AppData\Roaming\Composer\vendor\bin;C:\Users\Asus\AppData\Local\Microsoft\WindowsApps;D:\Golang\bin;C:\Program Files\Microsoft VS Code\bin;C:\Users\Asus\AppData\Roaming\npm;C:\Users\Asus\AppData\Local\atom\bin;C:\Program Files (x86)\Git\usr\bin\vendor_perl;C:\Program Files (x86)\Git\usr\bin\core_perl

Yarn version: 
  1.6.0

Node version: 
  8.10.0

Platform: 
  win32 x64

Trace: 
  Error: Can't answer a question unless a user TTY
      at ConsoleReporter.question (C:\Users\Asus\AppData\Roaming\npm\node_modules\yarn\lib\cli.js:93239:59)
      at Object.<anonymous> (C:\Users\Asus\AppData\Roaming\npm\node_modules\yarn\lib\cli.js:86193:38)
      at Generator.next (<anonymous>)
      at step (C:\Users\Asus\AppData\Roaming\npm\node_modules\yarn\lib\cli.js:98:30)
      at C:\Users\Asus\AppData\Roaming\npm\node_modules\yarn\lib\cli.js:109:13
      at <anonymous>

npm manifest: 
  No manifest

yarn manifest: 
  No manifest

Lockfile: 
  No lockfile
